make all --print-data-base --no-builtin-variables --no-builtin-rules --question
# GNU Make 4.2.1
# Built for x86_64-pc-linux-gnu
# Copyright (C) 1988-2016 Free Software Foundation, Inc.
# License GPLv3+: GNU GPL version 3 or later <http://gnu.org/licenses/gpl.html>
# This is free software: you are free to change and redistribute it.
# There is NO WARRANTY, to the extent permitted by law.

# Make data base, printed on Sat May 28 17:01:59 2022

# Variables

# automatic
<D = $(patsubst %/,%,$(dir $<))
# automatic
?F = $(notdir $?)
# default
.SHELLFLAGS := -c
# environment
XDG_SESSION_CLASS = user
# environment
VSCODE_AGENT_FOLDER = /home/john/.vscode-server
# makefile (from 'Makefile', line 173)
LDSCRIPT = STM32F103ZETx_FLASH.ld
# environment
XDG_SESSION_TYPE = tty
# environment
VSCODE_LOG_NATIVE = false
# makefile (from 'Makefile', line 16)
TARGET = board
# automatic
?D = $(patsubst %/,%,$(dir $?))
# environment
PLATFORMIO_IDE = 2.4.3
# makefile (from 'Makefile', line 130)
AS_DEFS = 
# makefile (from 'Makefile', line 140)
AS_INCLUDES = 
# automatic
@D = $(patsubst %/,%,$(dir $@))
# automatic
@F = $(notdir $@)
# default
MAKE_VERSION := 4.2.1
# makefile
CURDIR := /mnt/hgfs/Shared/project/stm32_F103
# makefile
SHELL = /bin/sh
# makefile (from 'Makefile', line 110)
BIN = $(CP) -O binary -S
# environment
 
VSCODE_NLS_CONFIG = {"locale":"zh-cn","availableLanguages":{"*":"zh-cn"},"_languagePackId":"42e84e0914b17800d483f69e299e1b00.zh-cn","_translationsConfigFile":"/home/john/.vscode-server/data/clp/42e84e0914b17800d483f69e299e1b00.zh-cn/tcf.json","_cacheRoot":"/home/john/.vscode-server/data/clp/42e84e0914b17800d483f69e299e1b00.zh-cn","_resolvedLanguagePackCoreLocation":"/home/john/.vscode-server/data/clp/42e84e0914b17800d483f69e299e1b00.zh-cn/c3511e6c69bb39013c4a4b7b9566ec1ca73fc4d5","_corruptedFile":"/home/john/.vscode-server/data/clp/42e84e0914b17800d483f69e299e1b00.zh-cn/corrupted.info","_languagePackSupport":true}
# makefile (from 'Makefile', line 107)
SZ = $(PREFIX)size
# environment
_ = /home/john/.vscode-server/bin/c3511e6c69bb39013c4a4b7b9566ec1ca73fc4d5/node
# makefile (from 'Makefile', line 167)
CFLAGS = $(CFLAGS_OPT) $(MCU) $(C_DEFS) $(C_INCLUDES) $(OPT) -Wall -fdata-sections -ffunction-sections -g -gdwarf-2 -MMD -MP -MF"$(@:%.o=%.d)"
# makefile (from 'build//startup_stm32f103xe.d', line 1)
MAKEFILE_LIST :=  Makefile build//startup_stm32f103xe.d
# makefile (from 'Makefile', line 106)
CP = $(PREFIX)objcopy
# makefile (from 'Makefile', line 23)
DEBUG = 1
# 'override' directive
GNUMAKEFLAGS := 
# environment
XDG_DATA_DIRS = /home/john/.local/share/flatpak/exports/share:/var/lib/flatpak/exports/share:/usr/local/share:/usr/share
# environment
DBUS_SESSION_BUS_ADDRESS = unix:path=/run/user/1000/bus
# environment
VSCODE_VERBOSE_LOGGING = true
# makefile (from 'Makefile', line 105)
AS = $(PREFIX)gcc -x assembler-with-cpp
# environment
LESSOPEN = | /usr/bin/lesspipe %s
# environment
LC_NAME = zh_CN.UTF-8
# environment
VSCODE_CWD = /home/john
# environment
SSH_CONNECTION = 192.168.3.20 50795 192.168.3.110 22
# environment
NO_PROXY = 127.0.0.1
# environment
XDG_RUNTIME_DIR = /run/user/1000
# environment
VSCODE_LOG_STACK = false
# environment
LC_NUMERIC = zh_CN.UTF-8
# environment
VSCODE_IPC_HOOK_CLI = /run/user/1000/vscode-ipc-1db9c5a6-6b48-459b-b775-97fd8d8fe95e.sock
# makefile (from 'Makefile', line 179)
LDFLAGS = $(CFLAGS_OPT) $(MCU) -specs=nano.specs -T$(LDSCRIPT) $(LIBDIR) $(LIBS) -Wl,-Map=$(BUILD_DIR)/$(TARGET).map,--cref -Wl,--gc-sections
# default
.FEATURES := target-specific order-only second-expansion else-if shortest-stem undefine oneshell archives jobserver output-sync check-symlink load
# environment
LS_COLORS = 
# automatic
%F = $(notdir $%)
# makefile (from 'Makefile', line 88)
ASM_SOURCES = startup_stm32f103xe.s
# makefile (from 'Makefile', line 26)
OPT = -Og
# environment
VSCODE_PIPE_LOGGING = true
# makefile (from 'Makefile', line 29)
CFLAGS_OPT = 
# environment
PWD = /mnt/hgfs/Shared/project/stm32_F103
# default
.LOADED := 
# automatic
*D = $(patsubst %/,%,$(dir $*))
# makefile (from 'Makefile', line 226)
MDK_COMPEILE := MDK-ARM/board
# environment
VSCODE_AMD_ENTRYPOINT = vs/workbench/api/node/extensionHostProcess
# environment
HOME = /home/john
# environment
LESSCLOSE = /usr/bin/lesspipe %s %s
# environment
LOGNAME = john
# environment
APPLICATION_INSIGHTS_NO_DIAGNOSTIC_CHANNEL = true
# makefile (from 'Makefile', line 78)
C_SOURCES_PATH = application/APP application/BSP application/FreeRTOS application/FreeRTOS/portable application/Lib
# automatic
+F = $(notdir $+)
# makefile (from 'Makefile', line 95)
PREFIX = arm-none-eabi-
# environment
VSCODE_HANDLES_UNCAUGHT_ERRORS = true
# automatic
^D = $(patsubst %/,%,$(dir $^))
# makefile (from 'Makefile', line 133)
C_DEFS = -D USE_HAL_DRIVER -D STM32F103xE
# environment
MAKELEVEL := 0
# makefile (from 'Makefile', line 125)
MCU = $(CPU) -mthumb $(FPU) $(FLOAT-ABI)
# environment
PLATFORMIO_PATH = /home/john/.platformio/penv/bin:/home/john/.platformio/penv:/home/john/.platformio/python3/bin:/home/john/.vscode-server/bin/c3511e6c69bb39013c4a4b7b9566ec1ca73fc4d5/bin/remote-cli:/usr/local/sbin:/usr/local/bin:/usr/sbin:/usr/bin:/sbin:/bin:/usr/games:/usr/local/games:/snap/bin:/usr/local/arm/gcc-linaro-4.9.4-2017.01-x86_64_arm-linux-gnueabihf/bin:/usr/local/arm/gcc-arm-none-eabi-10.3-2021.10/bin
# default
MAKE = $(MAKE_COMMAND)
# default
MAKECMDGOALS := all
# environment
PATH = /home/john/.vscode-server/bin/c3511e6c69bb39013c4a4b7b9566ec1ca73fc4d5/bin/remote-cli:/usr/local/sbin:/usr/local/bin:/usr/sbin:/usr/bin:/sbin:/bin:/usr/games:/usr/local/games:/snap/bin:/usr/local/arm/gcc-linaro-4.9.4-2017.01-x86_64_arm-linux-gnueabihf/bin:/usr/local/arm/gcc-arm-none-eabi-10.3-2021.10/bin
# environment
SHLVL = 0
# makefile (from 'Makefile', line 109)
HEX = $(CP) -O ihex
# makefile (from 'Makefile', line 104)
CC = $(PREFIX)gcc
# makefile (from 'Makefile', line 42)
BUILD_DIR = build
# makefile (from 'Makefile', line 157)
ASFLAGS = $(MCU) $(AS_DEFS) $(AS_INCLUDES) $(OPT) -Wall -fdata-sections -ffunction-sections
# environment
XDG_SESSION_ID = 4
# environment
USER = john
# environment
LC_MONETARY = zh_CN.UTF-8
# makefile
.DEFAULT_GOAL := all
# automatic
%D = $(patsubst %/,%,$(dir $%))
# makefile (from 'Makefile', line 116)
CPU = -mcpu=cortex-m3
# environment
LC_TELEPHONE = zh_CN.UTF-8
# default
MAKE_COMMAND := make
# makefile (from 'Makefile', line 36)
LDFLAGS_OPT = -u _printf_float 
# makefile (from 'Makefile', line 177)
LIBDIR = 
# default
.VARIABLES := 
# automatic
*F = $(notdir $*)
# makefile (from 'Makefile', line 198)
OBJECTS_DIR = $(sort $(dir $(OBJECTS)))
# makefile
MAKEFLAGS = pqrR
# environment
MFLAGS = -pqrR
# environment
SSH_CLIENT = 192.168.3.20 50795 22
# automatic
+D = $(patsubst %/,%,$(dir $+))
# environment
BROWSER = /home/john/.vscode-server/bin/c3511e6c69bb39013c4a4b7b9566ec1ca73fc4d5/bin/helpers/browser.sh
# environment
VSCODE_HANDLES_SIGPIPE = true
# makefile (from 'Makefile', line 143)
C_INCLUDES = -I CubeMX/Core/Inc -I CubeMX/Drivers/STM32F1xx_HAL_Driver/Inc -I CubeMX/Drivers/STM32F1xx_HAL_Driver/Inc/Legacy -I CubeMX/Drivers/CMSIS/Device/ST/STM32F1xx/Include -I CubeMX/Drivers/CMSIS/Include -I application/APP/inc -I application/BSP/inc -I application/FreeRTOS/include -I application/FreeRTOS/portable -I application/Lib/inc 
# default
MAKEFILES := 
# automatic
<F = $(notdir $<)
# environment
PLATFORMIO_CALLER = vscode
# automatic
^F = $(notdir $^)
# environment
LC_MEASUREMENT = zh_CN.UTF-8
# environment
LC_ALL = C
# makefile (from 'Makefile', line 176)
LIBS = -lc -lm -lnosys 
# environment
LC_PAPER = zh_CN.UTF-8
# makefile (from 'Makefile', line 85)
C_SOURCES = CubeMX/Core/Src/stm32f1xx_it.c CubeMX/Core/Src/stm32f1xx_hal_msp.c CubeMX/Drivers/STM32F1xx_HAL_Driver/Src/stm32f1xx_hal_gpio_ex.c CubeMX/Drivers/STM32F1xx_HAL_Driver/Src/stm32f1xx_hal_i2c.c CubeMX/Drivers/STM32F1xx_HAL_Driver/Src/stm32f1xx_hal.c CubeMX/Drivers/STM32F1xx_HAL_Driver/Src/stm32f1xx_hal_rcc.c CubeMX/Drivers/STM32F1xx_HAL_Driver/Src/stm32f1xx_hal_rcc_ex.c CubeMX/Drivers/STM32F1xx_HAL_Driver/Src/stm32f1xx_hal_gpio.c CubeMX/Drivers/STM32F1xx_HAL_Driver/Src/stm32f1xx_hal_dma.c CubeMX/Drivers/STM32F1xx_HAL_Driver/Src/stm32f1xx_hal_cortex.c CubeMX/Drivers/STM32F1xx_HAL_Driver/Src/stm32f1xx_hal_pwr.c CubeMX/Drivers/STM32F1xx_HAL_Driver/Src/stm32f1xx_hal_flash.c CubeMX/Drivers/STM32F1xx_HAL_Driver/Src/stm32f1xx_hal_flash_ex.c CubeMX/Drivers/STM32F1xx_HAL_Driver/Src/stm32f1xx_hal_exti.c CubeMX/Drivers/STM32F1xx_HAL_Driver/Src/stm32f1xx_hal_iwdg.c CubeMX/Drivers/STM32F1xx_HAL_Driver/Src/stm32f1xx_hal_rtc.c CubeMX/Drivers/STM32F1xx_HAL_Driver/Src/stm32f1xx_hal_rtc_ex.c CubeMX/Drivers/STM32F1xx_HAL_Driver/Src/stm32f1xx_ll_sdmmc.c CubeMX/Drivers/STM32F1xx_HAL_Driver/Src/stm32f1xx_hal_sd.c CubeMX/Drivers/STM32F1xx_HAL_Driver/Src/stm32f1xx_hal_spi.c CubeMX/Drivers/STM32F1xx_HAL_Driver/Src/stm32f1xx_hal_tim.c CubeMX/Drivers/STM32F1xx_HAL_Driver/Src/stm32f1xx_hal_tim_ex.c CubeMX/Drivers/STM32F1xx_HAL_Driver/Src/stm32f1xx_hal_uart.c CubeMX/Drivers/STM32F1xx_HAL_Driver/Src/stm32f1xx_hal_pcd.c CubeMX/Drivers/STM32F1xx_HAL_Driver/Src/stm32f1xx_hal_pcd_ex.c CubeMX/Drivers/STM32F1xx_HAL_Driver/Src/stm32f1xx_ll_usb.c CubeMX/Core/Src/system_stm32f1xx.c CubeMX/Core/Src/main.c $(foreach dir,$(C_SOURCES_PATH),$(wildcard $(dir)/*.c))
# default
SUFFIXES := 
# default
.INCLUDE_DIRS = /usr/include /usr/local/include /usr/include
# environment
LC_IDENTIFICATION = zh_CN.UTF-8
# default
.RECIPEPREFIX := 
# makefile (from 'Makefile', line 194)
OBJECTS = $(addprefix $(BUILD_DIR)/,$(C_SOURCES:.c=.o)) $(addprefix $(BUILD_DIR)/,$(ASM_SOURCES:.s=.o))
# environment
LC_ADDRESS = zh_CN.UTF-8
# default
MAKE_HOST := x86_64-pc-linux-gnu
# environment
LANG = C
# environment
VSCODE_EXTHOST_WILL_SEND_SOCKET = true
# environment
MOTD_SHOWN = pam
# variable set hash-table stats:
# Load=113/1024=11%, Rehash=0, Collisions=24/204=12%

# Pattern-specific Variable Values

# No pattern-specific variable values.

# Directories

# build/CubeMX/Drivers/STM32F1xx_HAL_Driver/Src/: could not be stat'd.
# build/application/Lib/: could not be stat'd.
# application/FreeRTOS (device 55, inode 17309): 12 files, no impossibilities.
# . (device 55, inode 5870): 17 files, no impossibilities.
# application/FreeRTOS/portable (device 55, inode 17311): 4 files, no impossibilities.
# build/application/FreeRTOS/portable/: could not be stat'd.
# CubeMX/Drivers/STM32F1xx_HAL_Driver/Src (device 55, inode 17465): No files, no impossibilities so far.
# application/APP (device 55, inode 17305): 6 files, no impossibilities.
# application/BSP (device 55, inode 17307): 9 files, no impossibilities.
# build/application/FreeRTOS/: could not be stat'd.
# build (device 55, inode 6317): 66 files, no impossibilities.
# build/application/APP/: could not be stat'd.
# build/application/BSP/: could not be stat'd.
# CubeMX/Core/Src (device 55, inode 17317): 5 files, no impossibilities so far.
# build/ (device 55, inode 6317): 66 files, no impossibilities.
# build/CubeMX/Core/Src/: could not be stat'd.
# application/Lib (device 55, inode 17312): 9 files, no impossibilities.

# 194 files, no impossibilities in 17 directories.

# Implicit Rules

build/%.o: %.c Makefile | build
#  recipe to execute (from 'Makefile', line 202):
	$(CC) -c $(CFLAGS) -Wa,-a,-ad,-alms=$(BUILD_DIR)/$(notdir $(<:.c=.lst)) $< -o $@
	

build/%.o: %.s Makefile | build
#  recipe to execute (from 'Makefile', line 205):
	$(AS) -c $(CFLAGS) $< -o $@

build/%.hex: build/%.elf | build
#  recipe to execute (from 'Makefile', line 212):
	$(HEX) $< $@
	

build/%.bin: build/%.elf | build
#  recipe to execute (from 'Makefile', line 215):
	$(BIN) $< $@	
	

# 4 implicit rules, 0 (0.0%) terminal.

# Files

# Not a target:
build/application/BSP/bsp_gpio.o:
#  Implicit rule search has not been done.
#  Modification time never checked.
#  File has not been updated.

# Not a target:
build/CubeMX/Drivers/STM32F1xx_HAL_Driver/Src/stm32f1xx_hal_i2c.o:
#  Implicit rule search has not been done.
#  Modification time never checked.
#  File has not been updated.

# Not a target:
build/application/FreeRTOS/list.o:
#  Implicit rule search has not been done.
#  Modification time never checked.
#  File has not been updated.

# Not a target:
build/CubeMX/Drivers/STM32F1xx_HAL_Driver/Src/stm32f1xx_hal_uart.o:
#  Implicit rule search has not been done.
#  Modification time never checked.
#  File has not been updated.

# Not a target:
build/application/BSP/interrupt.o:
#  Implicit rule search has not been done.
#  Modification time never checked.
#  File has not been updated.

# Not a target:
build/CubeMX/Drivers/STM32F1xx_HAL_Driver/Src/stm32f1xx_ll_usb.o:
#  Implicit rule search has not been done.
#  Modification time never checked.
#  File has not been updated.

 
build/board.elf: build/CubeMX/Core/Src/stm32f1xx_it.o build/CubeMX/Core/Src/stm32f1xx_hal_msp.o build/CubeMX/Drivers/STM32F1xx_HAL_Driver/Src/stm32f1xx_hal_gpio_ex.o build/CubeMX/Drivers/STM32F1xx_HAL_Driver/Src/stm32f1xx_hal_i2c.o build/CubeMX/Drivers/STM32F1xx_HAL_Driver/Src/stm32f1xx_hal.o build/CubeMX/Drivers/STM32F1xx_HAL_Driver/Src/stm32f1xx_hal_rcc.o build/CubeMX/Drivers/STM32F1xx_HAL_Driver/Src/stm32f1xx_hal_rcc_ex.o build/CubeMX/Drivers/STM32F1xx_HAL_Driver/Src/stm32f1xx_hal_gpio.o build/CubeMX/Drivers/STM32F1xx_HAL_Driver/Src/stm32f1xx_hal_dma.o build/CubeMX/Drivers/STM32F1xx_HAL_Driver/Src/stm32f1xx_hal_cortex.o build/CubeMX/Drivers/STM32F1xx_HAL_Driver/Src/stm32f1xx_hal_pwr.o build/CubeMX/Drivers/STM32F1xx_HAL_Driver/Src/stm32f1xx_hal_flash.o build/CubeMX/Drivers/STM32F1xx_HAL_Driver/Src/stm32f1xx_hal_flash_ex.o build/CubeMX/Drivers/STM32F1xx_HAL_Driver/Src/stm32f1xx_hal_exti.o build/CubeMX/Drivers/STM32F1xx_HAL_Driver/Src/stm32f1xx_hal_iwdg.o build/CubeMX/Drivers/STM32F1xx_HAL_Driver/Src/stm32f1xx_hal_rtc.o build/CubeMX/Drivers/STM32F1xx_HAL_Driver/Src/stm32f1xx_hal_rtc_ex.o build/CubeMX/Drivers/STM32F1xx_HAL_Driver/Src/stm32f1xx_ll_sdmmc.o build/CubeMX/Drivers/STM32F1xx_HAL_Driver/Src/stm32f1xx_hal_sd.o build/CubeMX/Drivers/STM32F1xx_HAL_Driver/Src/stm32f1xx_hal_spi.o build/CubeMX/Drivers/STM32F1xx_HAL_Driver/Src/stm32f1xx_hal_tim.o build/CubeMX/Drivers/STM32F1xx_HAL_Driver/Src/stm32f1xx_hal_tim_ex.o build/CubeMX/Drivers/STM32F1xx_HAL_Driver/Src/stm32f1xx_hal_uart.o build/CubeMX/Drivers/STM32F1xx_HAL_Driver/Src/stm32f1xx_hal_pcd.o build/CubeMX/Drivers/STM32F1xx_HAL_Driver/Src/stm32f1xx_hal_pcd_ex.o build/CubeMX/Drivers/STM32F1xx_HAL_Driver/Src/stm32f1xx_ll_usb.o build/CubeMX/Core/Src/system_stm32f1xx.o build/CubeMX/Core/Src/main.o build/application/APP/app_layer.o build/application/APP/main.o build/application/APP/debug.o build/application/BSP/retarget.o build/application/BSP/bsp_layer.o build/application/BSP/interrupt.o build/application/BSP/bsp_uart.o build/application/BSP/bsp_gpio.o build/application/BSP/bsp_24cxx.o build/application/FreeRTOS/stream_buffer.o build/application/FreeRTOS/heap_4.o build/application/FreeRTOS/queue.o build/application/FreeRTOS/croutine.o build/application/FreeRTOS/list.o build/application/FreeRTOS/event_groups.o build/application/FreeRTOS/tasks.o build/application/FreeRTOS/timers.o build/application/FreeRTOS/portable/port.o build/application/Lib/print.o build/application/Lib/console.o build/application/Lib/key.o build/application/Lib/lib_port.o build/application/Lib/led.o build/application/Lib/circular_queue.o build/startup_stm32f103xe.o Makefile
#  Implicit rule search has not been done.
#  Last modified 2022-05-28 14:45:02
#  File has been updated.
#  Needs to be updated (-q is set).
# variable set hash-table stats:
# Load=0/32=0%, Rehash=0, Collisions=0/15=0%
#  recipe to execute (from 'Makefile', line 208):
	$(CC) $(OBJECTS) $(LDFLAGS) -o $@
	$(SZ) $@

all: build/board.elf build/board.hex build/board.bin
#  Command line target.
#  Implicit rule search has been done.
#  File does not exist.
#  File has been updated.
#  Needs to be updated (-q is set).
# variable set hash-table stats:
# Load=0/32=0%, Rehash=0, Collisions=0/15=0%

# Not a target:
build/application/APP/main.o:
#  Implicit rule search has not been done.
#  Modification time never checked.
#  File has not been updated.

# Not a target:
build/CubeMX/Drivers/STM32F1xx_HAL_Driver/Src/stm32f1xx_ll_sdmmc.o:
#  Implicit rule search has not been done.
#  Modification time never checked.
#  File has not been updated.

# Not a target:
build/application/FreeRTOS/heap_4.o:
#  Implicit rule search has not been done.
#  Modification time never checked.
#  File has not been updated.

# Not a target:
build//startup_stm32f103xe.d:
#  Implicit rule search has been done.
#  Last modified 2022-05-22 17:19:35
#  File has been updated.
#  Successfully updated.

# Not a target:
build/CubeMX/Drivers/STM32F1xx_HAL_Driver/Src/stm32f1xx_hal_tim.o:
#  Implicit rule search has not been done.
#  Modification time never checked.
#  File has not been updated.

# Not a target:
build/application/Lib/console.o:
#  Implicit rule search has not been done.
#  Modification time never checked.
#  File has not been updated.

# Not a target:
CubeMX/Core/Src/stm32f1xx_it.c:
#  Implicit rule search has been done.
#  Last modified 2022-05-28 16:51:31
#  File has been updated.
#  Successfully updated.

# Not a target:
build/CubeMX/Drivers/STM32F1xx_HAL_Driver/Src/stm32f1xx_hal_pcd.o:
#  Implicit rule search has not been done.
#  Modification time never checked.
#  File has not been updated.

# Not a target:
startup_stm32f103xe.s:
#  Implicit rule search has not been done.
#  Modification time never checked.
#  File has not been updated.

# Not a target:
build/CubeMX/Core/Src/stm32f1xx_hal_msp.o:
#  Implicit rule search has not been done.
#  Modification time never checked.
#  File has not been updated.

# Not a target:
build/CubeMX/Core/Src/main.o:
#  Implicit rule search has not been done.
#  Modification time never checked.
#  File has not been updated.

# Not a target:
build/CubeMX/Drivers/STM32F1xx_HAL_Driver/Src/stm32f1xx_hal_sd.o:
#  Implicit rule search has not been done.
#  Modification time never checked.
#  File has not been updated.

# Not a target:
build/CubeMX/Drivers/STM32F1xx_HAL_Driver/Src/stm32f1xx_hal_pwr.o:
#  Implicit rule search has not been done.
#  Modification time never checked.
#  File has not been updated.

# Not a target:
Makefile:
#  Implicit rule search has been done.
#  Last modified 2022-05-28 17:01:20
#  File has been updated.
#  Successfully updated.

# Not a target:
build/application/Lib/lib_port.o:
#  Implicit rule search has not been done.
#  Modification time never checked.
#  File has not been updated.

# Not a target:
build/board.bin:
#  Implicit rule search has not been done.
#  Modification time never checked.
#  File has not been updated.

# Not a target:
build/application/FreeRTOS/event_groups.o:
#  Implicit rule search has not been done.
#  Modification time never checked.
#  File has not been updated.

# Not a target:
build/application/BSP/bsp_24cxx.o:
#  Implicit rule search has not been done.
#  Modification time never checked.
#  File has not been updated.

build:
#  Implicit rule search has not been done.
#  Last modified 2022-05-28 14:45:02
#  File has been updated.
#  Successfully updated.
#  recipe to execute (from 'Makefile', line 218):
	for x in $(OBJECTS_DIR); do \
		mkdir -p $$x; \
	done

# Not a target:
build/application/APP/debug.o:
#  Implicit rule search has not been done.
#  Modification time never checked.
#  File has not been updated.

# Not a target:
build/CubeMX/Drivers/STM32F1xx_HAL_Driver/Src/stm32f1xx_hal_flash.o:
#  Implicit rule search has not been done.
#  Modification time never checked.
#  File has not been updated.

# Not a target:
build/application/BSP/bsp_uart.o:
#  Implicit rule search has not been done.
#  Modification time never checked.
#  File has not been updated.

# Not a target:
build/CubeMX/Drivers/STM32F1xx_HAL_Driver/Src/stm32f1xx_hal_dma.o:
#  Implicit rule search has not been done.
#  Modification time never checked.
#  File has not been updated.

# Not a target:
build/CubeMX/Drivers/STM32F1xx_HAL_Driver/Src/stm32f1xx_hal_tim_ex.o:
#  Implicit rule search has not been done.
#  Modification time never checked.
#  File has not been updated.

# Not a target:
build/application/Lib/key.o:
#  Implicit rule search has not been done.
#  Modification time never checked.
#  File has not been updated.

# Not a target:
build/CubeMX/Drivers/STM32F1xx_HAL_Driver/Src/stm32f1xx_hal_pcd_ex.o:
#  Implicit rule search has not been done.
#  Modification time never checked.
#  File has not been updated.

build/CubeMX/Core/Src/stm32f1xx_it.o: CubeMX/Core/Src/stm32f1xx_it.c Makefile | build
#  Implicit rule search has been done.
#  Implicit/static pattern stem: 'CubeMX/Core/Src/stm32f1xx_it'
#  File does not exist.
#  File has been updated.
#  Needs to be updated (-q is set).
# automatic
# @ := build/CubeMX/Core/Src/stm32f1xx_it.o
# automatic
# % := 
# automatic
# * := CubeMX/Core/Src/stm32f1xx_it
# automatic
# + := CubeMX/Core/Src/stm32f1xx_it.c Makefile
# automatic
# | := build
# automatic
# < := CubeMX/Core/Src/stm32f1xx_it.c
# automatic
# ^ := CubeMX/Core/Src/stm32f1xx_it.c Makefile
# automatic
# ? := CubeMX/Core/Src/stm32f1xx_it.c Makefile
# variable set hash-table stats:
# Load=8/32=25%, Rehash=0, Collisions=1/27=4%
#  recipe to execute (from 'Makefile', line 202):
	$(CC) -c $(CFLAGS) -Wa,-a,-ad,-alms=$(BUILD_DIR)/$(notdir $(<:.c=.lst)) $< -o $@
	

build/startup_stm32f103xe.o: startup_stm32f103xe.s
#  Implicit rule search has not been done.
#  Modification time never checked.
#  File has not been updated.

# Not a target:
build/application/FreeRTOS/stream_buffer.o:
#  Implicit rule search has not been done.
#  Modification time never checked.
#  File has not been updated.

# Not a target:
build/application/FreeRTOS/queue.o:
#  Implicit rule search has not been done.
#  Modification time never checked.
#  File has not been updated.

# Not a target:
build/CubeMX/Drivers/STM32F1xx_HAL_Driver/Src/stm32f1xx_hal_cortex.o:
#  Implicit rule search has not been done.
#  Modification time never checked.
#  File has not been updated.

# Not a target:
build/application/Lib/led.o:
#  Implicit rule search has not been done.
#  Modification time never checked.
#  File has not been updated.

# Not a target:
build/CubeMX/Drivers/STM32F1xx_HAL_Driver/Src/stm32f1xx_hal_spi.o:
#  Implicit rule search has not been done.
#  Modification time never checked.
#  File has not been updated.

# Not a target:
build/CubeMX/Drivers/STM32F1xx_HAL_Driver/Src/stm32f1xx_hal_flash_ex.o:
#  Implicit rule search has not been done.
#  Modification time never checked.
#  File has not been updated.

# Not a target:
.DEFAULT:
#  Implicit rule search has not been done.
#  Modification time never checked.
#  File has not been updated.

# Not a target:
build/application/APP/app_layer.o:
#  Implicit rule search has not been done.
#  Modification time never checked.
#  File has not been updated.

# Not a target:
build/application/Lib/circular_queue.o:
#  Implicit rule search has not been done.
#  Modification time never checked.
#  File has not been updated.

clean:
#  Implicit rule search has not been done.
#  Modification time never checked.
#  File has not been updated.
 
#  recipe to execute (from 'Makefile', line 228):
	-rm -fR $(BUILD_DIR)
	find $(MDK_COMPEILE) -name *.d | xargs rm -f
	find $(MDK_COMPEILE) -name *.o | xargs rm -f
	find $(MDK_COMPEILE) -name *.crf | xargs rm -f

# Not a target:
build/CubeMX/Drivers/STM32F1xx_HAL_Driver/Src/stm32f1xx_hal_gpio.o:
#  Implicit rule search has not been done.
#  Modification time never checked.
#  File has not been updated.

# Not a target:
build/CubeMX/Drivers/STM32F1xx_HAL_Driver/Src/stm32f1xx_hal_iwdg.o:
#  Implicit rule search has not been done.
#  Modification time never checked.
#  File has not been updated.

# Not a target:
build/CubeMX/Drivers/STM32F1xx_HAL_Driver/Src/stm32f1xx_hal.o:
#  Implicit rule search has not been done.
#  Modification time never checked.
#  File has not been updated.

# Not a target:
build/CubeMX/Drivers/STM32F1xx_HAL_Driver/Src/stm32f1xx_hal_rcc.o:
#  Implicit rule search has not been done.
#  Modification time never checked.
#  File has not been updated.

# Not a target:
build/CubeMX/Drivers/STM32F1xx_HAL_Driver/Src/stm32f1xx_hal_rtc.o:
#  Implicit rule search has not been done.
#  Modification time never checked.
#  File has not been updated.

# Not a target:
build/application/Lib/print.o:
#  Implicit rule search has not been done.
#  Modification time never checked.
#  File has not been updated.

# Not a target:
build/CubeMX/Drivers/STM32F1xx_HAL_Driver/Src/stm32f1xx_hal_exti.o:
#  Implicit rule search has not been done.
#  Modification time never checked.
#  File has not been updated.

# Not a target:
build/application/FreeRTOS/timers.o:
#  Implicit rule search has not been done.
#  Modification time never checked.
#  File has not been updated.

# Not a target:
build/application/FreeRTOS/croutine.o:
#  Implicit rule search has not been done.
#  Modification time never checked.
#  File has not been updated.

# Not a target:
build/CubeMX/Drivers/STM32F1xx_HAL_Driver/Src/stm32f1xx_hal_gpio_ex.o:
#  Implicit rule search has not been done.
#  Modification time never checked.
#  File has not been updated.

# Not a target:
build/application/FreeRTOS/portable/port.o:
#  Implicit rule search has not been done.
#  Modification time never checked.
#  File has not been updated.

# Not a target:
build/application/BSP/bsp_layer.o:
#  Implicit rule search has not been done.
#  Modification time never checked.
#  File has not been updated.

# Not a target:
build/board.hex:
#  Implicit rule search has not been done.
#  Modification time never checked.
#  File has not been updated.

# Not a target:
build/CubeMX/Core/Src/system_stm32f1xx.o:
#  Implicit rule search has not been done.
#  Modification time never checked.
#  File has not been updated.

# Not a target:
build/application/BSP/retarget.o:
#  Implicit rule search has not been done.
#  Modification time never checked.
#  File has not been updated.

# Not a target:
build/application/FreeRTOS/tasks.o:
#  Implicit rule search has not been done.
#  Modification time never checked.
#  File has not been updated.

# Not a target:
build/CubeMX/Drivers/STM32F1xx_HAL_Driver/Src/stm32f1xx_hal_rcc_ex.o:
#  Implicit rule search has not been done.
#  Modification time never checked.
#  File has not been updated.

# Not a target:
build/CubeMX/Drivers/STM32F1xx_HAL_Driver/Src/stm32f1xx_hal_rtc_ex.o:
#  Implicit rule search has not been done.
#  Modification time never checked.
#  File has not been updated.

# files hash-table stats:
# Load=65/1024=6%, Rehash=0, Collisions=5/144=3%
# VPATH Search Paths

vpath %.c CubeMX/Core/Src:CubeMX/Drivers/STM32F1xx_HAL_Driver/Src:application/APP:application/BSP:application/FreeRTOS:application/FreeRTOS/portable:application/Lib

# 1 'vpath' search paths.

# No general ('VPATH' variable) search path.

# strcache buffers: 1 (0) / strings = 196 / storage = 4751 B / avg = 24 B
# current buf: size = 8162 B / used = 4751 B / count = 196 / avg = 24 B

# strcache performance: lookups = 252 / hit rate = 22%
# hash-table stats:
# Load=196/8192=2%, Rehash=0, Collisions=12/252=5%
# Finished Make data base on Sat May 28 17:01:59 2022

 
